<?xml version="1.0" encoding="UTF-8"?>
<!-- Generated by org.testng.reporters.JUnitReportReporter -->
<testsuite hostname="DESKTOP-IVCEMNE" failures="0" tests="7" name="TestNG_Basics.CarLoan" time="0.038" errors="0" timestamp="2025-08-19T00:44:29 IST" skipped="0">
  <testcase classname="TestNG_Basics.CarLoan" name="APILoginCar" time="0.006"/>
  <testcase classname="TestNG_Basics.CarLoan" name="mobileLoginCar" time="0.006"/>
  <testcase classname="TestNG_Basics.CarLoan" name="webLoginCar" time="0.006"/>
  <testcase classname="TestNG_Basics.CarLoan" name="mobileImagesCar" time="0.005"/>
  <testcase classname="TestNG_Basics.CarLoan" name="mobileColorCar" time="0.005"/>
  <testcase classname="TestNG_Basics.CarLoan" name="mobileLogoutCar" time="0.006"/>
  <testcase classname="TestNG_Basics.CarLoan" name="mobilePriceCar" time="0.004"/>
</testsuite> <!-- TestNG_Basics.CarLoan -->
