<?xml version="1.0" encoding="UTF-8"?>
<!-- Generated by org.testng.reporters.JUnitReportReporter -->
<testsuite hostname="DESKTOP-IVCEMNE" failures="0" tests="2" name="TestNG_Basics.Basic_TestCase" time="0.032" errors="0" timestamp="2025-08-18T23:32:34 IST" skipped="0">
  <testcase classname="TestNG_Basics.Basic_TestCase" name="perLoan" time="0.004"/>
  <testcase classname="TestNG_Basics.Basic_TestCase" name="carLoan" time="0.028"/>
</testsuite> <!-- TestNG_Basics.Basic_TestCase -->
