<?xml version="1.0" encoding="UTF-8"?>
<!-- Generated by org.testng.reporters.JUnitReportReporter -->
<testsuite hostname="DESKTOP-IVCEMNE" failures="0" tests="1" name="TestNG_Basics.NewClass_TestNG" time="0.004" errors="0" timestamp="2025-08-18T21:09:23 IST" skipped="0">
  <testcase classname="TestNG_Basics.NewClass_TestNG" name="homeLoan" time="0.004"/>
</testsuite> <!-- TestNG_Basics.NewClass_TestNG -->
