<?xml version="1.0" encoding="UTF-8"?>
<!-- Generated by org.testng.reporters.JUnitReportReporter -->
<testsuite hostname="DESKTOP-IVCEMNE" failures="0" tests="2" name="TestNG_Basics.Basic_TestCase" time="0.022" errors="0" timestamp="2025-08-18T22:47:34 IST" skipped="0">
  <testcase classname="TestNG_Basics.Basic_TestCase" name="carLoan" time="0.019"/>
  <testcase classname="TestNG_Basics.Basic_TestCase" name="perLoan" time="0.003"/>
</testsuite> <!-- TestNG_Basics.Basic_TestCase -->
