<?xml version="1.0" encoding="UTF-8"?>
<!-- Generated by org.testng.reporters.JUnitReportReporter -->
<testsuite hostname="DESKTOP-IVCEMNE" failures="0" tests="2" name="TestNG_Basics.NewClass_TestNG" time="0.005" errors="0" timestamp="2025-08-20T21:27:02 IST" skipped="0">
  <testcase classname="TestNG_Basics.NewClass_TestNG" name="parameterTest" time="0.003"/>
  <testcase classname="TestNG_Basics.NewClass_TestNG" name="homeLoan" time="0.002"/>
</testsuite> <!-- TestNG_Basics.NewClass_TestNG -->
