<?xml version="1.0" encoding="UTF-8"?>
<!-- Generated by org.testng.reporters.JUnitReportReporter -->
<testsuite hostname="DESKTOP-IVCEMNE" failures="0" tests="8" name="TestNG_Basics.CarLoan" time="0.041" errors="0" timestamp="2025-08-20T21:27:02 IST" skipped="0">
  <testcase classname="TestNG_Basics.CarLoan" name="mobileLogoutCar" time="0.002"/>
  <testcase classname="TestNG_Basics.CarLoan" name="mobileColorCar" time="0.008"/>
  <testcase classname="TestNG_Basics.CarLoan" name="mobilePriceCar" time="0.005"/>
  <testcase classname="TestNG_Basics.CarLoan" name="APILoginCar" time="0.004"/>
  <testcase classname="TestNG_Basics.CarLoan" name="paraDemo" time="0.010"/>
  <testcase classname="TestNG_Basics.CarLoan" name="mobileLoginCar" time="0.006"/>
  <testcase classname="TestNG_Basics.CarLoan" name="mobileImagesCar" time="0.004"/>
  <testcase classname="TestNG_Basics.CarLoan" name="webLoginCar" time="0.002"/>
</testsuite> <!-- TestNG_Basics.CarLoan -->
