<?xml version="1.0" encoding="UTF-8"?>
<!-- Generated by org.testng.reporters.JUnitReportReporter -->
<testsuite hostname="DESKTOP-IVCEMNE" failures="0" tests="1" name="TestNG_Basics.HomeLoan" time="0.003" errors="0" timestamp="2025-08-18T23:41:49 IST" skipped="0">
  <testcase classname="TestNG_Basics.HomeLoan" name="webLoginHome" time="0.003"/>
</testsuite> <!-- TestNG_Basics.HomeLoan -->
