<?xml version="1.0" encoding="UTF-8"?>
<!-- Generated by org.testng.reporters.JUnitReportReporter -->
<testsuite hostname="DESKTOP-IVCEMNE" failures="0" tests="3" name="TestNG_Basics.HomeLoan" time="0.009" errors="0" timestamp="2025-08-18T22:47:34 IST" skipped="0">
  <testcase classname="TestNG_Basics.HomeLoan" name="APILoginHome" time="0.003"/>
  <testcase classname="TestNG_Basics.HomeLoan" name="mobileLoginHome" time="0.003"/>
  <testcase classname="TestNG_Basics.HomeLoan" name="webLoginHome" time="0.003"/>
</testsuite> <!-- TestNG_Basics.HomeLoan -->
