<?xml version="1.0" encoding="UTF-8"?>
<!-- Generated by org.testng.reporters.JUnitReportReporter -->
<testsuite hostname="DESKTOP-IVCEMNE" failures="0" tests="1" name="TestNG_Basics.JavaProgram_withOutCompiler" time="0.030" errors="0" timestamp="2025-08-18T20:48:16 IST" skipped="0">
  <testcase classname="TestNG_Basics.JavaProgram_withOutCompiler" name="Basic" time="0.030"/>
</testsuite> <!-- TestNG_Basics.JavaProgram_withOutCompiler -->
