<?xml version="1.0" encoding="UTF-8"?>
<!-- Generated by org.testng.reporters.JUnitReportReporter -->
<testsuite hostname="DESKTOP-IVCEMNE" failures="0" tests="2" name="TestNG_Basics.Basic_TestCase" time="0.009" errors="0" timestamp="2025-08-20T21:27:02 IST" skipped="0">
  <testcase classname="TestNG_Basics.Basic_TestCase" name="perLoan" time="0.002"/>
  <testcase classname="TestNG_Basics.Basic_TestCase" name="carLoan" time="0.007"/>
</testsuite> <!-- TestNG_Basics.Basic_TestCase -->
